<?xml version="1.0" encoding="UTF-8"?>
<!-- Generated by org.testng.reporters.JUnitReportReporter -->
<testsuite hostname="Collaberas-MacBook-Pro.local" failures="0" tests="17" name="capstone_TestScenarios.TestScenarios_IOSTablet" time="488.948" errors="4" timestamp="2023-05-15T12:14:35 PST" skipped="0">
  <testcase classname="capstone_TestScenarios.TestScenarios_IOSTablet" name="closeDriver" time="0.105">
    <error type="java.lang.NullPointerException">
      <![CDATA[java.lang.NullPointerException
at capstone_TestScenarios.TestScenarios_IOSTablet.closeDriver(TestScenarios_IOSTablet.java:128)
at java.base/jdk.internal.reflect.NativeMethodAccessorImpl.invoke0(Native Method)
at java.base/jdk.internal.reflect.NativeMethodAccessorImpl.invoke(NativeMethodAccessorImpl.java:62)
at java.base/jdk.internal.reflect.DelegatingMethodAccessorImpl.invoke(DelegatingMethodAccessorImpl.java:43)
at java.base/java.lang.reflect.Method.invoke(Method.java:566)
at org.testng.internal.invokers.MethodInvocationHelper.invokeMethod(MethodInvocationHelper.java:139)
at org.testng.internal.invokers.MethodInvocationHelper.invokeMethodConsideringTimeout(MethodInvocationHelper.java:69)
at org.testng.internal.invokers.ConfigInvoker.invokeConfigurationMethod(ConfigInvoker.java:361)
at org.testng.internal.invokers.ConfigInvoker.invokeConfigurations(ConfigInvoker.java:296)
at org.testng.SuiteRunner.privateRun(SuiteRunner.java:404)
at org.testng.SuiteRunner.run(SuiteRunner.java:330)
at org.testng.SuiteRunnerWorker.runSuite(SuiteRunnerWorker.java:52)
at org.testng.SuiteRunnerWorker.run(SuiteRunnerWorker.java:95)
at org.testng.TestNG.runSuitesSequentially(TestNG.java:1256)
at org.testng.TestNG.runSuitesLocally(TestNG.java:1176)
at org.testng.TestNG.runSuites(TestNG.java:1099)
at org.testng.TestNG.run(TestNG.java:1067)
at org.testng.remote.AbstractRemoteTestNG.run(AbstractRemoteTestNG.java:115)
at org.testng.remote.RemoteTestNG.initAndRun(RemoteTestNG.java:251)
at org.testng.remote.RemoteTestNG.main(RemoteTestNG.java:77)
]]>
    </error>
  </testcase> <!-- closeDriver -->
  <system-out/>
  <testcase classname="capstone_TestScenarios.TestScenarios_IOSTablet" name="UI_01" time="2.940"/>
  <system-out/>
  <testcase classname="capstone_TestScenarios.TestScenarios_IOSTablet" name="UI_02" time="1.067"/>
  <system-out/>
  <testcase classname="capstone_TestScenarios.TestScenarios_IOSTablet" name="UI_03" time="47.675"/>
  <system-out>
    <![CDATA[validation failed: Date and year picker is disabled]]>
  </system-out>
  <testcase classname="capstone_TestScenarios.TestScenarios_IOSTablet" name="UI_04" time="21.631"/>
  <system-out>
    <![CDATA[validation passed: image is displayed]]>
  </system-out>
  <testcase classname="capstone_TestScenarios.TestScenarios_IOSTablet" name="UI_05" time="22.696"/>
  <system-out/>
  <testcase classname="capstone_TestScenarios.TestScenarios_IOSTablet" name="UI_06" time="24.703"/>
  <system-out>
    <![CDATA[validation passed: color changed]]>
  </system-out>
  <testcase classname="capstone_TestScenarios.TestScenarios_IOSTablet" name="UI_07" time="28.060"/>
  <system-out>
    <![CDATA[validation passed: progress has incread over time.]]>
  </system-out>
  <testcase classname="capstone_TestScenarios.TestScenarios_IOSTablet" name="UI_08" time="44.548">
    <error message="An element could not be located on the page using the given search parameters.
For documentation on this error, please visit: https://selenium.dev/exceptions/#no_such_element
Build info: version: &#039;4.9.1&#039;, revision: &#039;eb2032df7f&#039;
System info: os.name: &#039;Mac OS X&#039;, os.arch: &#039;aarch64&#039;, os.version: &#039;13.3.1&#039;, java.version: &#039;11.0.16&#039;
Driver info: io.appium.java_client.ios.IOSDriver
Command: [16ec786b-8b32-4ef1-9ee8-35ab72399bee, findElement {using=xpath, value=//XCUIElementTypeStaticText[@name=&#039;Custom&#039;]}]
Capabilities {appium:app: /Users/collabera/eclipse-wo..., appium:automationName: XCUITest, appium:databaseEnabled: false, appium:deviceName: iPad Pro (12.9-inch) (6th g..., appium:javascriptEnabled: true, appium:locationContextEnabled: false, appium:networkConnectionEnabled: false, appium:platformVersion: 16.4, appium:takesScreenshot: true, appium:udid: 260EE4E4-021C-4962-9C17-B93..., appium:webStorageEnabled: false, platformName: IOS}
Session ID: 16ec786b-8b32-4ef1-9ee8-35ab72399bee" type="org.openqa.selenium.NoSuchElementException">
      <![CDATA[org.openqa.selenium.NoSuchElementException: An element could not be located on the page using the given search parameters.
For documentation on this error, please visit: https://selenium.dev/exceptions/#no_such_element
Build info: version: '4.9.1', revision: 'eb2032df7f'
System info: os.name: 'Mac OS X', os.arch: 'aarch64', os.version: '13.3.1', java.version: '11.0.16'
Driver info: io.appium.java_client.ios.IOSDriver
Command: [16ec786b-8b32-4ef1-9ee8-35ab72399bee, findElement {using=xpath, value=//XCUIElementTypeStaticText[@name='Custom']}]
Capabilities {appium:app: /Users/collabera/eclipse-wo..., appium:automationName: XCUITest, appium:databaseEnabled: false, appium:deviceName: iPad Pro (12.9-inch) (6th g..., appium:javascriptEnabled: true, appium:locationContextEnabled: false, appium:networkConnectionEnabled: false, appium:platformVersion: 16.4, appium:takesScreenshot: true, appium:udid: 260EE4E4-021C-4962-9C17-B93..., appium:webStorageEnabled: false, platformName: IOS}
Session ID: 16ec786b-8b32-4ef1-9ee8-35ab72399bee
at java.base/jdk.internal.reflect.NativeConstructorAccessorImpl.newInstance0(Native Method)
at java.base/jdk.internal.reflect.NativeConstructorAccessorImpl.newInstance(NativeConstructorAccessorImpl.java:62)
at java.base/jdk.internal.reflect.DelegatingConstructorAccessorImpl.newInstance(DelegatingConstructorAccessorImpl.java:45)
at java.base/java.lang.reflect.Constructor.newInstance(Constructor.java:490)
at org.openqa.selenium.remote.codec.w3c.W3CHttpResponseCodec.createException(W3CHttpResponseCodec.java:200)
at org.openqa.selenium.remote.codec.w3c.W3CHttpResponseCodec.decode(W3CHttpResponseCodec.java:133)
at org.openqa.selenium.remote.codec.w3c.W3CHttpResponseCodec.decode(W3CHttpResponseCodec.java:53)
at org.openqa.selenium.remote.HttpCommandExecutor.execute(HttpCommandExecutor.java:193)
at io.appium.java_client.remote.AppiumCommandExecutor.execute(AppiumCommandExecutor.java:262)
at org.openqa.selenium.remote.RemoteWebDriver.execute(RemoteWebDriver.java:543)
at org.openqa.selenium.remote.ElementLocation$ElementFinder$2.findElement(ElementLocation.java:162)
at org.openqa.selenium.remote.ElementLocation.findElement(ElementLocation.java:60)
at org.openqa.selenium.remote.RemoteWebDriver.findElement(RemoteWebDriver.java:352)
at org.openqa.selenium.remote.RemoteWebDriver.findElement(RemoteWebDriver.java:344)
at capstone_ObjectsRepo.ObjRepo_IOSTablet.search(ObjRepo_IOSTablet.java:250)
at capstone_TestScenarios.TestScenarios_IOSTablet.UI_08(TestScenarios_IOSTablet.java:74)
at java.base/jdk.internal.reflect.NativeMethodAccessorImpl.invoke0(Native Method)
at java.base/jdk.internal.reflect.NativeMethodAccessorImpl.invoke(NativeMethodAccessorImpl.java:62)
at java.base/jdk.internal.reflect.DelegatingMethodAccessorImpl.invoke(DelegatingMethodAccessorImpl.java:43)
at java.base/java.lang.reflect.Method.invoke(Method.java:566)
at org.testng.internal.invokers.MethodInvocationHelper.invokeMethod(MethodInvocationHelper.java:139)
at org.testng.internal.invokers.TestInvoker.invokeMethod(TestInvoker.java:677)
at org.testng.internal.invokers.TestInvoker.invokeTestMethod(TestInvoker.java:221)
at org.testng.internal.invokers.MethodRunner.runInSequence(MethodRunner.java:50)
at org.testng.internal.invokers.TestInvoker$MethodInvocationAgent.invoke(TestInvoker.java:969)
at org.testng.internal.invokers.TestInvoker.invokeTestMethods(TestInvoker.java:194)
at org.testng.internal.invokers.TestMethodWorker.invokeTestMethods(TestMethodWorker.java:148)
at org.testng.internal.invokers.TestMethodWorker.run(TestMethodWorker.java:128)
at java.base/java.util.ArrayList.forEach(ArrayList.java:1541)
at org.testng.TestRunner.privateRun(TestRunner.java:829)
at org.testng.TestRunner.run(TestRunner.java:602)
at org.testng.SuiteRunner.runTest(SuiteRunner.java:437)
at org.testng.SuiteRunner.runSequentially(SuiteRunner.java:431)
at org.testng.SuiteRunner.privateRun(SuiteRunner.java:391)
at org.testng.SuiteRunner.run(SuiteRunner.java:330)
at org.testng.SuiteRunnerWorker.runSuite(SuiteRunnerWorker.java:52)
at org.testng.SuiteRunnerWorker.run(SuiteRunnerWorker.java:95)
at org.testng.TestNG.runSuitesSequentially(TestNG.java:1256)
at org.testng.TestNG.runSuitesLocally(TestNG.java:1176)
at org.testng.TestNG.runSuites(TestNG.java:1099)
at org.testng.TestNG.run(TestNG.java:1067)
at org.testng.remote.AbstractRemoteTestNG.run(AbstractRemoteTestNG.java:115)
at org.testng.remote.RemoteTestNG.initAndRun(RemoteTestNG.java:251)
at org.testng.remote.RemoteTestNG.main(RemoteTestNG.java:77)
]]>
    </error>
  </testcase> <!-- UI_08 -->
  <system-out/>
  <testcase classname="capstone_TestScenarios.TestScenarios_IOSTablet" name="UI_09" time="44.801"/>
  <system-out/>
  <testcase classname="capstone_TestScenarios.TestScenarios_IOSTablet" name="UI_10" time="25.879"/>
  <system-out/>
  <testcase classname="capstone_TestScenarios.TestScenarios_IOSTablet" name="UI_11" time="44.498">
    <error message="An element could not be located on the page using the given search parameters.
For documentation on this error, please visit: https://selenium.dev/exceptions/#no_such_element
Build info: version: &#039;4.9.1&#039;, revision: &#039;eb2032df7f&#039;
System info: os.name: &#039;Mac OS X&#039;, os.arch: &#039;aarch64&#039;, os.version: &#039;13.3.1&#039;, java.version: &#039;11.0.16&#039;
Driver info: io.appium.java_client.ios.IOSDriver
Command: [16ec786b-8b32-4ef1-9ee8-35ab72399bee, findElement {using=xpath, value=//XCUIElementTypeOther[@width=&#039;39&#039; and @height=&#039;39&#039;]}]
Capabilities {appium:app: /Users/collabera/eclipse-wo..., appium:automationName: XCUITest, appium:databaseEnabled: false, appium:deviceName: iPad Pro (12.9-inch) (6th g..., appium:javascriptEnabled: true, appium:locationContextEnabled: false, appium:networkConnectionEnabled: false, appium:platformVersion: 16.4, appium:takesScreenshot: true, appium:udid: 260EE4E4-021C-4962-9C17-B93..., appium:webStorageEnabled: false, platformName: IOS}
Session ID: 16ec786b-8b32-4ef1-9ee8-35ab72399bee" type="org.openqa.selenium.NoSuchElementException">
      <![CDATA[org.openqa.selenium.NoSuchElementException: An element could not be located on the page using the given search parameters.
For documentation on this error, please visit: https://selenium.dev/exceptions/#no_such_element
Build info: version: '4.9.1', revision: 'eb2032df7f'
System info: os.name: 'Mac OS X', os.arch: 'aarch64', os.version: '13.3.1', java.version: '11.0.16'
Driver info: io.appium.java_client.ios.IOSDriver
Command: [16ec786b-8b32-4ef1-9ee8-35ab72399bee, findElement {using=xpath, value=//XCUIElementTypeOther[@width='39' and @height='39']}]
Capabilities {appium:app: /Users/collabera/eclipse-wo..., appium:automationName: XCUITest, appium:databaseEnabled: false, appium:deviceName: iPad Pro (12.9-inch) (6th g..., appium:javascriptEnabled: true, appium:locationContextEnabled: false, appium:networkConnectionEnabled: false, appium:platformVersion: 16.4, appium:takesScreenshot: true, appium:udid: 260EE4E4-021C-4962-9C17-B93..., appium:webStorageEnabled: false, platformName: IOS}
Session ID: 16ec786b-8b32-4ef1-9ee8-35ab72399bee
at java.base/jdk.internal.reflect.NativeConstructorAccessorImpl.newInstance0(Native Method)
at java.base/jdk.internal.reflect.NativeConstructorAccessorImpl.newInstance(NativeConstructorAccessorImpl.java:62)
at java.base/jdk.internal.reflect.DelegatingConstructorAccessorImpl.newInstance(DelegatingConstructorAccessorImpl.java:45)
at java.base/java.lang.reflect.Constructor.newInstance(Constructor.java:490)
at org.openqa.selenium.remote.codec.w3c.W3CHttpResponseCodec.createException(W3CHttpResponseCodec.java:200)
at org.openqa.selenium.remote.codec.w3c.W3CHttpResponseCodec.decode(W3CHttpResponseCodec.java:133)
at org.openqa.selenium.remote.codec.w3c.W3CHttpResponseCodec.decode(W3CHttpResponseCodec.java:53)
at org.openqa.selenium.remote.HttpCommandExecutor.execute(HttpCommandExecutor.java:193)
at io.appium.java_client.remote.AppiumCommandExecutor.execute(AppiumCommandExecutor.java:262)
at org.openqa.selenium.remote.RemoteWebDriver.execute(RemoteWebDriver.java:543)
at org.openqa.selenium.remote.ElementLocation$ElementFinder$2.findElement(ElementLocation.java:162)
at org.openqa.selenium.remote.ElementLocation.findElement(ElementLocation.java:60)
at org.openqa.selenium.remote.RemoteWebDriver.findElement(RemoteWebDriver.java:352)
at org.openqa.selenium.remote.RemoteWebDriver.findElement(RemoteWebDriver.java:344)
at capstone_ObjectsRepo.ObjRepo_IOSTablet.validateRedBox(ObjRepo_IOSTablet.java:323)
at capstone_TestScenarios.TestScenarios_IOSTablet.UI_11(TestScenarios_IOSTablet.java:94)
at java.base/jdk.internal.reflect.NativeMethodAccessorImpl.invoke0(Native Method)
at java.base/jdk.internal.reflect.NativeMethodAccessorImpl.invoke(NativeMethodAccessorImpl.java:62)
at java.base/jdk.internal.reflect.DelegatingMethodAccessorImpl.invoke(DelegatingMethodAccessorImpl.java:43)
at java.base/java.lang.reflect.Method.invoke(Method.java:566)
at org.testng.internal.invokers.MethodInvocationHelper.invokeMethod(MethodInvocationHelper.java:139)
at org.testng.internal.invokers.TestInvoker.invokeMethod(TestInvoker.java:677)
at org.testng.internal.invokers.TestInvoker.invokeTestMethod(TestInvoker.java:221)
at org.testng.internal.invokers.MethodRunner.runInSequence(MethodRunner.java:50)
at org.testng.internal.invokers.TestInvoker$MethodInvocationAgent.invoke(TestInvoker.java:969)
at org.testng.internal.invokers.TestInvoker.invokeTestMethods(TestInvoker.java:194)
at org.testng.internal.invokers.TestMethodWorker.invokeTestMethods(TestMethodWorker.java:148)
at org.testng.internal.invokers.TestMethodWorker.run(TestMethodWorker.java:128)
at java.base/java.util.ArrayList.forEach(ArrayList.java:1541)
at org.testng.TestRunner.privateRun(TestRunner.java:829)
at org.testng.TestRunner.run(TestRunner.java:602)
at org.testng.SuiteRunner.runTest(SuiteRunner.java:437)
at org.testng.SuiteRunner.runSequentially(SuiteRunner.java:431)
at org.testng.SuiteRunner.privateRun(SuiteRunner.java:391)
at org.testng.SuiteRunner.run(SuiteRunner.java:330)
at org.testng.SuiteRunnerWorker.runSuite(SuiteRunnerWorker.java:52)
at org.testng.SuiteRunnerWorker.run(SuiteRunnerWorker.java:95)
at org.testng.TestNG.runSuitesSequentially(TestNG.java:1256)
at org.testng.TestNG.runSuitesLocally(TestNG.java:1176)
at org.testng.TestNG.runSuites(TestNG.java:1099)
at org.testng.TestNG.run(TestNG.java:1067)
at org.testng.remote.AbstractRemoteTestNG.run(AbstractRemoteTestNG.java:115)
at org.testng.remote.RemoteTestNG.initAndRun(RemoteTestNG.java:251)
at org.testng.remote.RemoteTestNG.main(RemoteTestNG.java:77)
]]>
    </error>
  </testcase> <!-- UI_11 -->
  <system-out>
    <![CDATA[validation passed: further details is displayed/present]]>
  </system-out>
  <testcase classname="capstone_TestScenarios.TestScenarios_IOSTablet" name="UI_12" time="21.989"/>
  <system-out/>
  <testcase classname="capstone_TestScenarios.TestScenarios_IOSTablet" name="UI_13" time="44.405"/>
  <system-out/>
  <testcase classname="capstone_TestScenarios.TestScenarios_IOSTablet" name="UI_14" time="43.911">
    <error message="An element could not be located on the page using the given search parameters.
For documentation on this error, please visit: https://selenium.dev/exceptions/#no_such_element
Build info: version: &#039;4.9.1&#039;, revision: &#039;eb2032df7f&#039;
System info: os.name: &#039;Mac OS X&#039;, os.arch: &#039;aarch64&#039;, os.version: &#039;13.3.1&#039;, java.version: &#039;11.0.16&#039;
Driver info: io.appium.java_client.ios.IOSDriver
Command: [16ec786b-8b32-4ef1-9ee8-35ab72399bee, findElement {using=xpath, value=//XCUIElementTypeStaticText[@name=&#039;Default&#039;]}]
Capabilities {appium:app: /Users/collabera/eclipse-wo..., appium:automationName: XCUITest, appium:databaseEnabled: false, appium:deviceName: iPad Pro (12.9-inch) (6th g..., appium:javascriptEnabled: true, appium:locationContextEnabled: false, appium:networkConnectionEnabled: false, appium:platformVersion: 16.4, appium:takesScreenshot: true, appium:udid: 260EE4E4-021C-4962-9C17-B93..., appium:webStorageEnabled: false, platformName: IOS}
Session ID: 16ec786b-8b32-4ef1-9ee8-35ab72399bee" type="org.openqa.selenium.NoSuchElementException">
      <![CDATA[org.openqa.selenium.NoSuchElementException: An element could not be located on the page using the given search parameters.
For documentation on this error, please visit: https://selenium.dev/exceptions/#no_such_element
Build info: version: '4.9.1', revision: 'eb2032df7f'
System info: os.name: 'Mac OS X', os.arch: 'aarch64', os.version: '13.3.1', java.version: '11.0.16'
Driver info: io.appium.java_client.ios.IOSDriver
Command: [16ec786b-8b32-4ef1-9ee8-35ab72399bee, findElement {using=xpath, value=//XCUIElementTypeStaticText[@name='Default']}]
Capabilities {appium:app: /Users/collabera/eclipse-wo..., appium:automationName: XCUITest, appium:databaseEnabled: false, appium:deviceName: iPad Pro (12.9-inch) (6th g..., appium:javascriptEnabled: true, appium:locationContextEnabled: false, appium:networkConnectionEnabled: false, appium:platformVersion: 16.4, appium:takesScreenshot: true, appium:udid: 260EE4E4-021C-4962-9C17-B93..., appium:webStorageEnabled: false, platformName: IOS}
Session ID: 16ec786b-8b32-4ef1-9ee8-35ab72399bee
at java.base/jdk.internal.reflect.NativeConstructorAccessorImpl.newInstance0(Native Method)
at java.base/jdk.internal.reflect.NativeConstructorAccessorImpl.newInstance(NativeConstructorAccessorImpl.java:62)
at java.base/jdk.internal.reflect.DelegatingConstructorAccessorImpl.newInstance(DelegatingConstructorAccessorImpl.java:45)
at java.base/java.lang.reflect.Constructor.newInstance(Constructor.java:490)
at org.openqa.selenium.remote.codec.w3c.W3CHttpResponseCodec.createException(W3CHttpResponseCodec.java:200)
at org.openqa.selenium.remote.codec.w3c.W3CHttpResponseCodec.decode(W3CHttpResponseCodec.java:133)
at org.openqa.selenium.remote.codec.w3c.W3CHttpResponseCodec.decode(W3CHttpResponseCodec.java:53)
at org.openqa.selenium.remote.HttpCommandExecutor.execute(HttpCommandExecutor.java:193)
at io.appium.java_client.remote.AppiumCommandExecutor.execute(AppiumCommandExecutor.java:262)
at org.openqa.selenium.remote.RemoteWebDriver.execute(RemoteWebDriver.java:543)
at org.openqa.selenium.remote.ElementLocation$ElementFinder$2.findElement(ElementLocation.java:162)
at org.openqa.selenium.remote.ElementLocation.findElement(ElementLocation.java:60)
at org.openqa.selenium.remote.RemoteWebDriver.findElement(RemoteWebDriver.java:352)
at org.openqa.selenium.remote.RemoteWebDriver.findElement(RemoteWebDriver.java:344)
at capstone_ObjectsRepo.ObjRepo_IOSTablet.toolBars(ObjRepo_IOSTablet.java:379)
at capstone_TestScenarios.TestScenarios_IOSTablet.UI_14(TestScenarios_IOSTablet.java:112)
at java.base/jdk.internal.reflect.NativeMethodAccessorImpl.invoke0(Native Method)
at java.base/jdk.internal.reflect.NativeMethodAccessorImpl.invoke(NativeMethodAccessorImpl.java:62)
at java.base/jdk.internal.reflect.DelegatingMethodAccessorImpl.invoke(DelegatingMethodAccessorImpl.java:43)
at java.base/java.lang.reflect.Method.invoke(Method.java:566)
at org.testng.internal.invokers.MethodInvocationHelper.invokeMethod(MethodInvocationHelper.java:139)
at org.testng.internal.invokers.TestInvoker.invokeMethod(TestInvoker.java:677)
at org.testng.internal.invokers.TestInvoker.invokeTestMethod(TestInvoker.java:221)
at org.testng.internal.invokers.MethodRunner.runInSequence(MethodRunner.java:50)
at org.testng.internal.invokers.TestInvoker$MethodInvocationAgent.invoke(TestInvoker.java:969)
at org.testng.internal.invokers.TestInvoker.invokeTestMethods(TestInvoker.java:194)
at org.testng.internal.invokers.TestMethodWorker.invokeTestMethods(TestMethodWorker.java:148)
at org.testng.internal.invokers.TestMethodWorker.run(TestMethodWorker.java:128)
at java.base/java.util.ArrayList.forEach(ArrayList.java:1541)
at org.testng.TestRunner.privateRun(TestRunner.java:829)
at org.testng.TestRunner.run(TestRunner.java:602)
at org.testng.SuiteRunner.runTest(SuiteRunner.java:437)
at org.testng.SuiteRunner.runSequentially(SuiteRunner.java:431)
at org.testng.SuiteRunner.privateRun(SuiteRunner.java:391)
at org.testng.SuiteRunner.run(SuiteRunner.java:330)
at org.testng.SuiteRunnerWorker.runSuite(SuiteRunnerWorker.java:52)
at org.testng.SuiteRunnerWorker.run(SuiteRunnerWorker.java:95)
at org.testng.TestNG.runSuitesSequentially(TestNG.java:1256)
at org.testng.TestNG.runSuitesLocally(TestNG.java:1176)
at org.testng.TestNG.runSuites(TestNG.java:1099)
at org.testng.TestNG.run(TestNG.java:1067)
at org.testng.remote.AbstractRemoteTestNG.run(AbstractRemoteTestNG.java:115)
at org.testng.remote.RemoteTestNG.initAndRun(RemoteTestNG.java:251)
at org.testng.remote.RemoteTestNG.main(RemoteTestNG.java:77)
]]>
    </error>
  </testcase> <!-- UI_14 -->
  <system-out/>
  <testcase classname="capstone_TestScenarios.TestScenarios_IOSTablet" name="UI_15" time="43.955"/>
  <system-out>
    <![CDATA[validation passed: HTML content found]]>
  </system-out>
  <testcase classname="capstone_TestScenarios.TestScenarios_IOSTablet" name="UI_16" time="26.085"/>
  <system-out>
    <![CDATA[validation passed: alertbox found
validation passed: title contails A Short Title Is Best]]>
  </system-out>
</testsuite> <!-- capstone_TestScenarios.TestScenarios_IOSTablet -->
